#
# There is insufficient memory for the Java Runtime Environment to continue.
# Cannot create GC thread. Out of system resources.
# Possible reasons:
#   The system is out of physical RAM or swap space
#   In 32 bit mode, the process size limit was hit
# Possible solutions:
#   Reduce memory load on the system
#   Increase physical memory or swap space
#   Check if swap backing store is full
#   Use 64 bit Java on a 64 bit OS
#   Decrease Java heap size (-Xmx/-Xms)
#   Decrease number of Java threads
#   Decrease Java thread stack sizes (-Xss)
#   Set larger code cache with -XX:ReservedCodeCacheSize=
# This output file may be truncated or incomplete.
#
#  Out of Memory Error (gcTaskThread.cpp:48), pid=12166, tid=0x00007f44da579700
#
# JRE version:  (8.0_131-b11) (build )
# Java VM: Java HotSpot(TM) 64-Bit Server VM (25.131-b11 mixed mode linux-amd64 compressed oops)
# Failed to write core dump. Core dumps have been disabled. To enable core dumping, try "ulimit -c unlimited" before starting Java again
#

---------------  T H R E A D  ---------------

Current thread (0x0000000000b3d000):  JavaThread "Unknown thread" [_thread_in_vm, id=12166, stack(0x00007fff8be4f000,0x00007fff8bf4f000)]

Stack: [0x00007fff8be4f000,0x00007fff8bf4f000],  sp=0x00007fff8bf478e0,  free space=994k
Native frames: (J=compiled Java code, j=interpreted, Vv=VM code, C=native code)
V  [libjvm.so+0xac826a]  VMError::report_and_die()+0x2ba
V  [libjvm.so+0x4fd4cb]  report_vm_out_of_memory(char const*, int, unsigned long, VMErrorType, char const*)+0x8b
V  [libjvm.so+0x5d894f]  GCTaskThread::GCTaskThread(GCTaskManager*, unsigned int, unsigned int)+0x15f
V  [libjvm.so+0x5d770b]  GCTaskManager::initialize()+0x3ab
V  [libjvm.so+0x94873d]  ParallelScavengeHeap::initialize()+0x34d
V  [libjvm.so+0xa902e3]  Universe::initialize_heap()+0xf3
V  [libjvm.so+0xa9084e]  universe_init()+0x3e
V  [libjvm.so+0x63e3e5]  init_globals()+0x65
V  [libjvm.so+0xa73f3e]  Threads::create_vm(JavaVMInitArgs*, bool*)+0x23e
V  [libjvm.so+0x6d2ce4]  JNI_CreateJavaVM+0x74
C  [libjli.so+0x745e]  JavaMain+0x9e
C  [libjli.so+0xb223]  ContinueInNewThread0+0x63
C  [libjli.so+0x697a]  ContinueInNewThread+0x7a
C  [libjli.so+0x99f8]  JLI_Launch+0x798
C  [java+0x696]  JLI_Launch@@SUNWprivate_1.1+0x696
C  [libc.so.6+0x20830]  __libc_start_main+0xf0


---------------  P R O C E S S  ---------------

Java Threads: ( => current thread )

Other Threads:

=>0x0000000000b3d000 (exited) JavaThread "Unknown thread" [_thread_in_vm, id=12166, stack(0x00007fff8be4f000,0x00007fff8bf4f000)]

VM state:not at safepoint (not fully initialized)

VM Mutex/Monitor currently owned by a thread: None

GC Heap History (0 events):
No events

Deoptimization events (0 events):
No events

Internal exceptions (0 events):
No events

Events (0 events):
No events


Dynamic libraries:
00400000-00401000 r-xp 00000000 08:01 532547                             /usr/local/java/jdk1.8.0_131/bin/java
00600000-00601000 rw-p 00000000 08:01 532547                             /usr/local/java/jdk1.8.0_131/bin/java
00b32000-00b74000 rw-p 00000000 00:00 0                                  [heap]
d8800000-da300000 rw-p 00000000 00:00 0 
da300000-f2d80000 ---p 00000000 00:00 0 
f2d80000-f3a80000 rw-p 00000000 00:00 0 
f3a80000-100000000 ---p 00000000 00:00 0 
7f44c7e55000-7f44c80ea000 rw-p 00000000 00:00 0 
7f44c80ea000-7f44c81ae000 ---p 00000000 00:00 0 
7f44c81ae000-7f44c81b6000 rw-p 00000000 00:00 0 
7f44c81b6000-7f44c8218000 ---p 00000000 00:00 0 
7f44c8218000-7f44c8223000 rw-p 00000000 00:00 0 
7f44c8223000-7f44c85d9000 ---p 00000000 00:00 0 
7f44c85d9000-7f44c8849000 rwxp 00000000 00:00 0 
7f44c8849000-7f44d75d9000 ---p 00000000 00:00 0 
7f44d75d9000-7f44d75f3000 r-xp 00000000 08:01 662872                     /usr/local/java/jdk1.8.0_131/jre/lib/amd64/libzip.so
7f44d75f3000-7f44d77f3000 ---p 0001a000 08:01 662872                     /usr/local/java/jdk1.8.0_131/jre/lib/amd64/libzip.so
7f44d77f3000-7f44d77f4000 rw-p 0001a000 08:01 662872                     /usr/local/java/jdk1.8.0_131/jre/lib/amd64/libzip.so
7f44d77f4000-7f44d77ff000 r-xp 00000000 08:01 547166                     /lib/x86_64-linux-gnu/libnss_files-2.23.so
7f44d77ff000-7f44d79fe000 ---p 0000b000 08:01 547166                     /lib/x86_64-linux-gnu/libnss_files-2.23.so
7f44d79fe000-7f44d79ff000 r--p 0000a000 08:01 547166                     /lib/x86_64-linux-gnu/libnss_files-2.23.so
7f44d79ff000-7f44d7a00000 rw-p 0000b000 08:01 547166                     /lib/x86_64-linux-gnu/libnss_files-2.23.so
7f44d7a00000-7f44d7a06000 rw-p 00000000 00:00 0 
7f44d7a06000-7f44d7a11000 r-xp 00000000 08:01 547169                     /lib/x86_64-linux-gnu/libnss_nis-2.23.so
7f44d7a11000-7f44d7c10000 ---p 0000b000 08:01 547169                     /lib/x86_64-linux-gnu/libnss_nis-2.23.so
7f44d7c10000-7f44d7c11000 r--p 0000a000 08:01 547169                     /lib/x86_64-linux-gnu/libnss_nis-2.23.so
7f44d7c11000-7f44d7c12000 rw-p 0000b000 08:01 547169                     /lib/x86_64-linux-gnu/libnss_nis-2.23.so
7f44d7c12000-7f44d7c28000 r-xp 00000000 08:01 532631                     /lib/x86_64-linux-gnu/libnsl-2.23.so
7f44d7c28000-7f44d7e27000 ---p 00016000 08:01 532631                     /lib/x86_64-linux-gnu/libnsl-2.23.so
7f44d7e27000-7f44d7e28000 r--p 00015000 08:01 532631                     /lib/x86_64-linux-gnu/libnsl-2.23.so
7f44d7e28000-7f44d7e29000 rw-p 00016000 08:01 532631                     /lib/x86_64-linux-gnu/libnsl-2.23.so
7f44d7e29000-7f44d7e2b000 rw-p 00000000 00:00 0 
7f44d7e2b000-7f44d7e33000 r-xp 00000000 08:01 547182                     /lib/x86_64-linux-gnu/libnss_compat-2.23.so
7f44d7e33000-7f44d8032000 ---p 00008000 08:01 547182                     /lib/x86_64-linux-gnu/libnss_compat-2.23.so
7f44d8032000-7f44d8033000 r--p 00007000 08:01 547182                     /lib/x86_64-linux-gnu/libnss_compat-2.23.so
7f44d8033000-7f44d8034000 rw-p 00008000 08:01 547182                     /lib/x86_64-linux-gnu/libnss_compat-2.23.so
7f44d8034000-7f44d805f000 r-xp 00000000 08:01 662866                     /usr/local/java/jdk1.8.0_131/jre/lib/amd64/libjava.so
7f44d805f000-7f44d825e000 ---p 0002b000 08:01 662866                     /usr/local/java/jdk1.8.0_131/jre/lib/amd64/libjava.so
7f44d825e000-7f44d8260000 rw-p 0002a000 08:01 662866                     /usr/local/java/jdk1.8.0_131/jre/lib/amd64/libjava.so
7f44d8260000-7f44d826d000 r-xp 00000000 08:01 662871                     /usr/local/java/jdk1.8.0_131/jre/lib/amd64/libverify.so
7f44d826d000-7f44d846c000 ---p 0000d000 08:01 662871                     /usr/local/java/jdk1.8.0_131/jre/lib/amd64/libverify.so
7f44d846c000-7f44d846e000 rw-p 0000c000 08:01 662871                     /usr/local/java/jdk1.8.0_131/jre/lib/amd64/libverify.so
7f44d846e000-7f44d8475000 r-xp 00000000 08:01 547172                     /lib/x86_64-linux-gnu/librt-2.23.so
7f44d8475000-7f44d8674000 ---p 00007000 08:01 547172                     /lib/x86_64-linux-gnu/librt-2.23.so
7f44d8674000-7f44d8675000 r--p 00006000 08:01 547172                     /lib/x86_64-linux-gnu/librt-2.23.so
7f44d8675000-7f44d8676000 rw-p 00007000 08:01 547172                     /lib/x86_64-linux-gnu/librt-2.23.so
7f44d8676000-7f44d877e000 r-xp 00000000 08:01 547188                     /lib/x86_64-linux-gnu/libm-2.23.so
7f44d877e000-7f44d897d000 ---p 00108000 08:01 547188                     /lib/x86_64-linux-gnu/libm-2.23.so
7f44d897d000-7f44d897e000 r--p 00107000 08:01 547188                     /lib/x86_64-linux-gnu/libm-2.23.so
7f44d897e000-7f44d897f000 rw-p 00108000 08:01 547188                     /lib/x86_64-linux-gnu/libm-2.23.so
7f44d897f000-7f44d964e000 r-xp 00000000 08:01 662849                     /usr/local/java/jdk1.8.0_131/jre/lib/amd64/server/libjvm.so
7f44d964e000-7f44d984e000 ---p 00ccf000 08:01 662849                     /usr/local/java/jdk1.8.0_131/jre/lib/amd64/server/libjvm.so
7f44d984e000-7f44d9927000 rw-p 00ccf000 08:01 662849                     /usr/local/java/jdk1.8.0_131/jre/lib/amd64/server/libjvm.so
7f44d9927000-7f44d9972000 rw-p 00000000 00:00 0 
7f44d9972000-7f44d9b32000 r-xp 00000000 08:01 547193                     /lib/x86_64-linux-gnu/libc-2.23.so
7f44d9b32000-7f44d9d32000 ---p 001c0000 08:01 547193                     /lib/x86_64-linux-gnu/libc-2.23.so
7f44d9d32000-7f44d9d36000 r--p 001c0000 08:01 547193                     /lib/x86_64-linux-gnu/libc-2.23.so
7f44d9d36000-7f44d9d38000 rw-p 001c4000 08:01 547193                     /lib/x86_64-linux-gnu/libc-2.23.so
7f44d9d38000-7f44d9d3c000 rw-p 00000000 00:00 0 
7f44d9d3c000-7f44d9d3f000 r-xp 00000000 08:01 547181                     /lib/x86_64-linux-gnu/libdl-2.23.so
7f44d9d3f000-7f44d9f3e000 ---p 00003000 08:01 547181                     /lib/x86_64-linux-gnu/libdl-2.23.so
7f44d9f3e000-7f44d9f3f000 r--p 00002000 08:01 547181                     /lib/x86_64-linux-gnu/libdl-2.23.so
7f44d9f3f000-7f44d9f40000 rw-p 00003000 08:01 547181                     /lib/x86_64-linux-gnu/libdl-2.23.so
7f44d9f40000-7f44d9f55000 r-xp 00000000 08:01 540704                     /usr/local/java/jdk1.8.0_131/lib/amd64/jli/libjli.so
7f44d9f55000-7f44da155000 ---p 00015000 08:01 540704                     /usr/local/java/jdk1.8.0_131/lib/amd64/jli/libjli.so
7f44da155000-7f44da156000 rw-p 00015000 08:01 540704                     /usr/local/java/jdk1.8.0_131/lib/amd64/jli/libjli.so
7f44da156000-7f44da16e000 r-xp 00000000 08:01 547168                     /lib/x86_64-linux-gnu/libpthread-2.23.so
7f44da16e000-7f44da36d000 ---p 00018000 08:01 547168                     /lib/x86_64-linux-gnu/libpthread-2.23.so
7f44da36d000-7f44da36e000 r--p 00017000 08:01 547168                     /lib/x86_64-linux-gnu/libpthread-2.23.so
7f44da36e000-7f44da36f000 rw-p 00018000 08:01 547168                     /lib/x86_64-linux-gnu/libpthread-2.23.so
7f44da36f000-7f44da373000 rw-p 00000000 00:00 0 
7f44da373000-7f44da399000 r-xp 00000000 08:01 547163                     /lib/x86_64-linux-gnu/ld-2.23.so
7f44da3a4000-7f44da3b2000 rw-p 00000000 00:00 0 
7f44da3b2000-7f44da477000 ---p 00000000 00:00 0 
7f44da477000-7f44da478000 ---p 00000000 00:00 0 
7f44da478000-7f44da57c000 rw-p 00000000 00:00 0 
7f44da58c000-7f44da594000 rw-s 00000000 08:01 294626                     /tmp/hsperfdata_parastoo/12166
7f44da594000-7f44da595000 rw-p 00000000 00:00 0 
7f44da595000-7f44da596000 r--p 00000000 00:00 0 
7f44da596000-7f44da598000 rw-p 00000000 00:00 0 
7f44da598000-7f44da599000 r--p 00025000 08:01 547163                     /lib/x86_64-linux-gnu/ld-2.23.so
7f44da599000-7f44da59a000 rw-p 00026000 08:01 547163                     /lib/x86_64-linux-gnu/ld-2.23.so
7f44da59a000-7f44da59b000 rw-p 00000000 00:00 0 
7fff8be4f000-7fff8be52000 ---p 00000000 00:00 0 
7fff8be52000-7fff8bf4f000 rw-p 00000000 00:00 0                          [stack]
7fff8bf7f000-7fff8bf81000 r--p 00000000 00:00 0                          [vvar]
7fff8bf81000-7fff8bf83000 r-xp 00000000 00:00 0                          [vdso]
ffffffffff600000-ffffffffff601000 r-xp 00000000 00:00 0                  [vsyscall]

VM Arguments:
jvm_args: -Dfile.encoding=UTF-8 
java_command: unrelated.SimpleBalls
java_class_path (initial): /home/parastoo/Documents/LeaderElection/bin
Launcher Type: SUN_STANDARD

Environment Variables:
JAVA_HOME=/usr/local/java/jdk1.8.0_131
PATH=/home/parastoo/.sdkman/candidates/gradle/current/bin:/home/parastoo/bin:/home/parastoo/.local/bin:/usr/local/sbin:/usr/local/bin:/usr/sbin:/usr/bin:/sbin:/bin:/usr/games:/usr/local/games:/snap/bin:/usr/local/java/jdk1.8.0_131/bin
SHELL=/bin/bash
DISPLAY=:0

Signal Handlers:
SIGSEGV: [libjvm.so+0xac8af0], sa_mask[0]=11111111011111111101111111111110, sa_flags=SA_RESTART|SA_SIGINFO
SIGBUS: [libjvm.so+0xac8af0], sa_mask[0]=11111111011111111101111111111110, sa_flags=SA_RESTART|SA_SIGINFO
SIGFPE: [libjvm.so+0x921dd0], sa_mask[0]=11111111011111111101111111111110, sa_flags=SA_RESTART|SA_SIGINFO
SIGPIPE: [libjvm.so+0x921dd0], sa_mask[0]=11111111011111111101111111111110, sa_flags=SA_RESTART|SA_SIGINFO
SIGXFSZ: [libjvm.so+0x921dd0], sa_mask[0]=11111111011111111101111111111110, sa_flags=SA_RESTART|SA_SIGINFO
SIGILL: [libjvm.so+0x921dd0], sa_mask[0]=11111111011111111101111111111110, sa_flags=SA_RESTART|SA_SIGINFO
SIGUSR1: SIG_DFL, sa_mask[0]=00000000000000000000000000000000, sa_flags=none
SIGUSR2: [libjvm.so+0x923610], sa_mask[0]=00100000000000000000000000000000, sa_flags=SA_RESTART|SA_SIGINFO
SIGHUP: SIG_DFL, sa_mask[0]=00000000000000000000000000000000, sa_flags=none
SIGINT: SIG_DFL, sa_mask[0]=00000000000000000000000000000000, sa_flags=none
SIGTERM: SIG_DFL, sa_mask[0]=00000000000000000000000000000000, sa_flags=none
SIGQUIT: SIG_DFL, sa_mask[0]=00000000000000000000000000000000, sa_flags=none


---------------  S Y S T E M  ---------------

OS:DISTRIB_ID=Ubuntu
DISTRIB_RELEASE=16.04
DISTRIB_CODENAME=xenial
DISTRIB_DESCRIPTION="Ubuntu 16.04.2 LTS"

uname:Linux 4.8.0-58-generic #63~16.04.1-Ubuntu SMP Mon Jun 26 18:08:51 UTC 2017 x86_64
libc:glibc 2.23 NPTL 2.23 
rlimit: STACK 8192k, CORE 0k, NPROC 9929, NOFILE 65536, AS infinity
load average:2.02 1.02 0.47

/proc/meminfo:
MemTotal:        2584200 kB
MemFree:           66940 kB
MemAvailable:     226032 kB
Buffers:           98340 kB
Cached:           164388 kB
SwapCached:          816 kB
Active:          1505912 kB
Inactive:         578596 kB
Active(anon):    1393848 kB
Inactive(anon):   461924 kB
Active(file):     112064 kB
Inactive(file):   116672 kB
Unevictable:           0 kB
Mlocked:               0 kB
SwapTotal:       1047548 kB
SwapFree:        1034180 kB
Dirty:             13364 kB
Writeback:             0 kB
AnonPages:       1781616 kB
Mapped:           129676 kB
Shmem:             33936 kB
Slab:             192592 kB
SReclaimable:     120416 kB
SUnreclaim:        72176 kB
KernelStack:      161808 kB
PageTables:        50084 kB
NFS_Unstable:          0 kB
Bounce:                0 kB
WritebackTmp:          0 kB
CommitLimit:     2339648 kB
Committed_AS:   14659192 kB
VmallocTotal:   34359738367 kB
VmallocUsed:           0 kB
VmallocChunk:          0 kB
HardwareCorrupted:     0 kB
AnonHugePages:    573440 kB
ShmemHugePages:        0 kB
ShmemPmdMapped:        0 kB
CmaTotal:              0 kB
CmaFree:               0 kB
HugePages_Total:       0
HugePages_Free:        0
HugePages_Rsvd:        0
HugePages_Surp:        0
Hugepagesize:       2048 kB
DirectMap4k:      104384 kB
DirectMap2M:     2539520 kB


CPU:total 3 (initial active 3) (3 cores per cpu, 1 threads per core) family 6 model 42 stepping 7, cmov, cx8, fxsr, mmx, sse, sse2, sse3, ssse3, sse4.1, sse4.2, popcnt, avx, aes, clmul, tsc, tscinvbit

/proc/cpuinfo:
processor	: 0
vendor_id	: GenuineIntel
cpu family	: 6
model		: 42
model name	: Intel(R) Core(TM) i7-2600 CPU @ 3.40GHz
stepping	: 7
cpu MHz		: 3399.998
cache size	: 8192 KB
physical id	: 0
siblings	: 3
core id		: 0
cpu cores	: 3
apicid		: 0
initial apicid	: 0
fpu		: yes
fpu_exception	: yes
cpuid level	: 13
wp		: yes
flags		: fpu vme de pse tsc msr pae mce cx8 apic sep mtrr pge mca cmov pat pse36 clflush mmx fxsr sse sse2 ht syscall nx rdtscp lm constant_tsc rep_good nopl xtopology nonstop_tsc eagerfpu pni pclmulqdq ssse3 cx16 sse4_1 sse4_2 popcnt aes xsave avx hypervisor lahf_lm
bugs		:
bogomips	: 6799.99
clflush size	: 64
cache_alignment	: 64
address sizes	: 36 bits physical, 48 bits virtual
power management:

processor	: 1
vendor_id	: GenuineIntel
cpu family	: 6
model		: 42
model name	: Intel(R) Core(TM) i7-2600 CPU @ 3.40GHz
stepping	: 7
cpu MHz		: 3399.998
cache size	: 8192 KB
physical id	: 0
siblings	: 3
core id		: 1
cpu cores	: 3
apicid		: 1
initial apicid	: 1
fpu		: yes
fpu_exception	: yes
cpuid level	: 13
wp		: yes
flags		: fpu vme de pse tsc msr pae mce cx8 apic sep mtrr pge mca cmov pat pse36 clflush mmx fxsr sse sse2 ht syscall nx rdtscp lm constant_tsc rep_good nopl xtopology nonstop_tsc eagerfpu pni pclmulqdq ssse3 cx16 sse4_1 sse4_2 popcnt aes xsave avx hypervisor lahf_lm
bugs		:
bogomips	: 6799.99
clflush size	: 64
cache_alignment	: 64
address sizes	: 36 bits physical, 48 bits virtual
power management:

processor	: 2
vendor_id	: GenuineIntel
cpu family	: 6
model		: 42
model name	: Intel(R) Core(TM) i7-2600 CPU @ 3.40GHz
stepping	: 7
cpu MHz		: 3399.998
cache size	: 8192 KB
physical id	: 0
siblings	: 3
core id		: 2
cpu cores	: 3
apicid		: 2
initial apicid	: 2
fpu		: yes
fpu_exception	: yes
cpuid level	: 13
wp		: yes
flags		: fpu vme de pse tsc msr pae mce cx8 apic sep mtrr pge mca cmov pat pse36 clflush mmx fxsr sse sse2 ht syscall nx rdtscp lm constant_tsc rep_good nopl xtopology nonstop_tsc eagerfpu pni pclmulqdq ssse3 cx16 sse4_1 sse4_2 popcnt aes xsave avx hypervisor lahf_lm
bugs		:
bogomips	: 6799.99
clflush size	: 64
cache_alignment	: 64
address sizes	: 36 bits physical, 48 bits virtual
power management:



Memory: 4k page, physical 2584200k(66940k free), swap 1047548k(1034180k free)

vm_info: Java HotSpot(TM) 64-Bit Server VM (25.131-b11) for linux-amd64 JRE (1.8.0_131-b11), built on Mar 15 2017 01:23:40 by "java_re" with gcc 4.3.0 20080428 (Red Hat 4.3.0-8)

time: Tue Jul 11 17:07:06 2017
elapsed time: 0 seconds (0d 0h 0m 0s)

